-- Downloading https://github.com/glfw/glfw/archive/3.4.tar.gz -> glfw-glfw-3.4.tar.gz...
-- Extracting source C:/Users/max_L/AppData/Local/vcpkg/downloads/glfw-glfw-3.4.tar.gz
-- Using source at C:/Users/max_L/source/repos/snake1/snake1/vcpkg_installed/x64-windows/vcpkg/blds/glfw3/src/3.4-2448ff4533.clean
GLFW3 currently requires the following libraries from the system package manager:
    xinerama
    xcursor
    xorg
    libglu1-mesa
    pkg-config

These can be installed via brew install libxinerama-dev libxcursor-dev xorg-dev libglu1-mesa-dev pkg-config
-- Found external ninja('1.11.0').
-- Configuring x64-windows
-- Building x64-windows-dbg
-- Building x64-windows-rel
-- Fixing pkgconfig file: C:/Users/max_L/source/repos/snake1/snake1/vcpkg_installed/x64-windows/vcpkg/pkgs/glfw3_x64-windows/lib/pkgconfig/glfw3.pc
-- Using cached msys2-mingw-w64-x86_64-pkgconf-1~2.1.0-1-any.pkg.tar.zst.
-- Using cached msys2-msys2-runtime-3.4.10-4-x86_64.pkg.tar.zst.
-- Using msys root at C:/Users/max_L/AppData/Local/vcpkg/downloads/tools/msys2/fdbea3694fb5c0d4
-- Fixing pkgconfig file: C:/Users/max_L/source/repos/snake1/snake1/vcpkg_installed/x64-windows/vcpkg/pkgs/glfw3_x64-windows/debug/lib/pkgconfig/glfw3.pc
-- Installing: C:/Users/max_L/source/repos/snake1/snake1/vcpkg_installed/x64-windows/vcpkg/pkgs/glfw3_x64-windows/share/glfw3/copyright
CMake Warning at scripts/cmake/vcpkg_copy_pdbs.cmake:44 (message):
  Could not find a matching pdb file for:

      C:/Users/max_L/source/repos/snake1/snake1/vcpkg_installed/x64-windows/vcpkg/pkgs/glfw3_x64-windows/bin/glfw3.dll
      C:/Users/max_L/source/repos/snake1/snake1/vcpkg_installed/x64-windows/vcpkg/pkgs/glfw3_x64-windows/debug/bin/glfw3.dll

Call Stack (most recent call first):
  C:/Users/max_L/AppData/Local/vcpkg/registries/git-trees/fcbaa3b4073da7a24e20e043164075512f027d2d/portfile.cmake:59 (vcpkg_copy_pdbs)
  scripts/ports.cmake:175 (include)


-- Выполнение проверки после сборки
