-- Downloading https://github.com/raysan5/raylib/archive/5.5.tar.gz -> raysan5-raylib-5.5.tar.gz...
-- Extracting source C:/Users/max_L/AppData/Local/vcpkg/downloads/raysan5-raylib-5.5.tar.gz
-- Applying patch android.diff
-- Applying patch fix-link-path.patch
-- Using source at C:/Users/max_L/source/repos/snake1/snake1/vcpkg_installed/x64-windows/vcpkg/blds/raylib/src/5.5-966575b391.clean
-- De-vendoring 'cgltf.h'
-- De-vendoring 'dr_flac.h'
-- De-vendoring 'dr_mp3.h'
-- De-vendoring 'dr_wav.h'
-- De-vendoring 'miniaudio.h'
-- De-vendoring 'qoi.h'
-- De-vendoring 'sdefl.h'
-- De-vendoring 'sinfl.h'
-- De-vendoring 'stb_image.h'
-- Not de-vendoring 'stb_image_resize2.h' (absent in vcpkg)
-- De-vendoring 'stb_image_write.h'
-- De-vendoring 'stb_perlin.h'
-- De-vendoring 'stb_rect_pack.h'
-- De-vendoring 'stb_truetype.h'
-- De-vendoring 'stb_vorbis.c'
-- Found external ninja('1.11.0').
-- Configuring x64-windows
-- Building x64-windows-dbg
-- Building x64-windows-rel
CMake Warning at scripts/cmake/vcpkg_copy_pdbs.cmake:44 (message):
  Could not find a matching pdb file for:

      C:/Users/max_L/source/repos/snake1/snake1/vcpkg_installed/x64-windows/vcpkg/pkgs/raylib_x64-windows/bin/raylib.dll
      C:/Users/max_L/source/repos/snake1/snake1/vcpkg_installed/x64-windows/vcpkg/pkgs/raylib_x64-windows/debug/bin/raylib.dll

Call Stack (most recent call first):
  C:/Users/max_L/AppData/Local/vcpkg/registries/git-trees/293c69f77a430e6d7ed786224cd81e412c0c2db2/portfile.cmake:76 (vcpkg_copy_pdbs)
  scripts/ports.cmake:175 (include)


-- Fixing pkgconfig file: C:/Users/max_L/source/repos/snake1/snake1/vcpkg_installed/x64-windows/vcpkg/pkgs/raylib_x64-windows/lib/pkgconfig/raylib.pc
-- Using cached msys2-mingw-w64-x86_64-pkgconf-1~2.1.0-1-any.pkg.tar.zst.
-- Using cached msys2-msys2-runtime-3.4.10-4-x86_64.pkg.tar.zst.
-- Using msys root at C:/Users/max_L/AppData/Local/vcpkg/downloads/tools/msys2/fdbea3694fb5c0d4
-- Fixing pkgconfig file: C:/Users/max_L/source/repos/snake1/snake1/vcpkg_installed/x64-windows/vcpkg/pkgs/raylib_x64-windows/debug/lib/pkgconfig/raylib.pc
-- Installing: C:/Users/max_L/source/repos/snake1/snake1/vcpkg_installed/x64-windows/vcpkg/pkgs/raylib_x64-windows/share/raylib/copyright
-- Выполнение проверки после сборки
